{
  "RSpec": {
    "coverage": {
      "/home/observant-certificate-f393/tic-tac-toe-rb-ruby-apply-000/lib/tic_tac_toe.rb": [
        null,
        1,
        null,
        null,
        null,
        null,
        null,
        null,
        null,
        null,
        null,
        1,
        5,
        5,
        5,
        5,
        5,
        null,
        null,
        1,
        20,
        null,
        null,
        1,
        19,
        null,
        null,
        1,
        107,
        null,
        null,
        1,
        20,
        null,
        null,
        1,
        1,
        1,
        9,
        3,
        null,
        null,
        1,
        null,
        null,
        1,
        17,
        null,
        null,
        17,
        null,
        null,
        1,
        17,
        17,
        17,
        17,
        16,
        null,
        1,
        null,
        null,
        null,
        1,
        47,
        235,
        null,
        null,
        null,
        1,
        32,
        null,
        null,
        1,
        31,
        null,
        null,
        1,
        18,
        null,
        null,
        1,
        8,
        7,
        null,
        null,
        null,
        null,
        1,
        12,
        14,
        null,
        12,
        3,
        null,
        12,
        6,
        null,
        null
      ]
    },
    "timestamp": 1609641531
  }
}
